生成启动时间为 5/29/2017 15:27:40。
     1>项目“M:\Document\编译技术\TDML\homework 1\homework 1\Transform\Transform.vcxproj”在节点 2 上(Build 个目标)。
     1>ClCompile:
         D:\Microsoft Visual Studio 12.0\VC\bin\CL.exe /c /I"M:\Document\编译技术\TDML\homework 1\homework 1\..\include" /I"M:\Document\编译技术\TDML\homework 1\homework 1\..\include\GL" /ZI /nologo /W3 /WX- /Od /Oy- /D WIN32 /D _DEBUG /D _CONSOLE /D _UNICODE /D UNICODE /Gm /EHsc /RTC1 /MDd /GS /fp:precise /Zc:wchar_t /Zc:forScope /Fo"Debug\\" /Fd"Debug\vc120.pdb" /Gd /TP /analyze- /errorReport:prompt main.cpp
         main.cpp
     1>m:\document\编译技术\tdml\homework 1\homework 1\transform\main.cpp(1047): warning C4996: 'sscanf': This function or variable may be unsafe. Consider using sscanf_s instead. To disable deprecation, use _CRT_SECURE_NO_WARNINGS. See online help for details.
                 d:\microsoft visual studio 12.0\vc\include\stdio.h(304) : 参见“sscanf”的声明
     1>m:\document\编译技术\tdml\homework 1\homework 1\transform\main.cpp(1053): warning C4996: 'sscanf': This function or variable may be unsafe. Consider using sscanf_s instead. To disable deprecation, use _CRT_SECURE_NO_WARNINGS. See online help for details.
                 d:\microsoft visual studio 12.0\vc\include\stdio.h(304) : 参见“sscanf”的声明
     1>m:\document\编译技术\tdml\homework 1\homework 1\transform\main.cpp(1059): warning C4996: 'sscanf': This function or variable may be unsafe. Consider using sscanf_s instead. To disable deprecation, use _CRT_SECURE_NO_WARNINGS. See online help for details.
                 d:\microsoft visual studio 12.0\vc\include\stdio.h(304) : 参见“sscanf”的声明
     1>m:\document\编译技术\tdml\homework 1\homework 1\transform\main.cpp(1064): warning C4996: 'sscanf': This function or variable may be unsafe. Consider using sscanf_s instead. To disable deprecation, use _CRT_SECURE_NO_WARNINGS. See online help for details.
                 d:\microsoft visual studio 12.0\vc\include\stdio.h(304) : 参见“sscanf”的声明
     1>m:\document\编译技术\tdml\homework 1\homework 1\transform\main.cpp(1093): warning C4996: 'strcpy': This function or variable may be unsafe. Consider using strcpy_s instead. To disable deprecation, use _CRT_SECURE_NO_WARNINGS. See online help for details.
                 d:\microsoft visual studio 12.0\vc\include\string.h(112) : 参见“strcpy”的声明
     1>m:\document\编译技术\tdml\homework 1\homework 1\transform\main.cpp(1103): warning C4996: 'sscanf': This function or variable may be unsafe. Consider using sscanf_s instead. To disable deprecation, use _CRT_SECURE_NO_WARNINGS. See online help for details.
                 d:\microsoft visual studio 12.0\vc\include\stdio.h(304) : 参见“sscanf”的声明
     1>m:\document\编译技术\tdml\homework 1\homework 1\transform\main.cpp(1109): warning C4996: 'sscanf': This function or variable may be unsafe. Consider using sscanf_s instead. To disable deprecation, use _CRT_SECURE_NO_WARNINGS. See online help for details.
                 d:\microsoft visual studio 12.0\vc\include\stdio.h(304) : 参见“sscanf”的声明
     1>m:\document\编译技术\tdml\homework 1\homework 1\transform\main.cpp(1119): warning C4996: 'sscanf': This function or variable may be unsafe. Consider using sscanf_s instead. To disable deprecation, use _CRT_SECURE_NO_WARNINGS. See online help for details.
                 d:\microsoft visual studio 12.0\vc\include\stdio.h(304) : 参见“sscanf”的声明
       Link:
         D:\Microsoft Visual Studio 12.0\VC\bin\link.exe /ERRORREPORT:PROMPT /OUT:"M:\Document\编译技术\TDML\homework 1\homework 1\Debug\Transform.exe" /INCREMENTAL /NOLOGO /LIBPATH:"M:\Document\编译技术\TDML\homework 1\homework 1\..\lib" opengl32.lib glew32.lib glut32.lib glu32.lib glfw3.lib FreeImage.lib FreeImagePlus.lib kernel32.lib user32.lib gdi32.lib winspool.lib comdlg32.lib advapi32.lib shell32.lib ole32.lib oleaut32.lib uuid.lib odbc32.lib odbccp32.lib /MANIFEST /MANIFESTUAC:"level='asInvoker' uiAccess='false'" /manifest:embed /DEBUG /PDB:"M:\Document\编译技术\TDML\homework 1\homework 1\Debug\Transform.pdb" /SUBSYSTEM:CONSOLE /TLBID:1 /DYNAMICBASE /NXCOMPAT /IMPLIB:"M:\Document\编译技术\TDML\homework 1\homework 1\Debug\Transform.lib" /MACHINE:X86 Debug\main.obj
         Transform.vcxproj -> M:\Document\编译技术\TDML\homework 1\homework 1\Debug\Transform.exe
     1>已完成生成项目“M:\Document\编译技术\TDML\homework 1\homework 1\Transform\Transform.vcxproj”(Build 个目标)的操作。

生成成功。

已用时间 00:00:01.37
